  AQueue.c
c:\users\misterchaos\documents\c语言开发环境\visual studio workspace\qg训练营第三次作业：泛型队列\循环泛型队列\aqueue.h : warning C4819: 该文件包含不能在当前代码页(936)中表示的字符。请将该文件保存为 Unicode 格式以防止数据丢失
c:\users\misterchaos\documents\c语言开发环境\visual studio workspace\qg训练营第三次作业：泛型队列\循环泛型队列\aqueue.c(12): warning C4013: “InputType”未定义；假设外部返回 int
c:\users\misterchaos\documents\c语言开发环境\visual studio workspace\qg训练营第三次作业：泛型队列\循环泛型队列\aqueue.c(87): warning C4013: “memcpy”未定义；假设外部返回 int
c:\users\misterchaos\documents\c语言开发环境\visual studio workspace\qg训练营第三次作业：泛型队列\循环泛型队列\aqueue.c(334): warning C4013: “getch”未定义；假设外部返回 int
c:\users\misterchaos\documents\c语言开发环境\visual studio workspace\qg训练营第三次作业：泛型队列\循环泛型队列\aqueue.c(371): warning C4477: “scanf_s”: 格式字符串“%d”需要类型“int *”的参数，但可变参数 1 拥有了类型“void *”
c:\users\misterchaos\documents\c语言开发环境\visual studio workspace\qg训练营第三次作业：泛型队列\循环泛型队列\aqueue.c(371): warning C4474: scanf_s: 格式字符串中传递的参数太多
  c:\users\misterchaos\documents\c语言开发环境\visual studio workspace\qg训练营第三次作业：泛型队列\循环泛型队列\aqueue.c(371): note: 占位符和其参数预计 1 可变参数，但提供的却是 2 参数
c:\users\misterchaos\documents\c语言开发环境\visual studio workspace\qg训练营第三次作业：泛型队列\循环泛型队列\aqueue.c(375): warning C4477: “scanf_s”: 格式字符串“%d”需要类型“int *”的参数，但可变参数 1 拥有了类型“void *”
c:\users\misterchaos\documents\c语言开发环境\visual studio workspace\qg训练营第三次作业：泛型队列\循环泛型队列\aqueue.c(375): warning C4474: scanf_s: 格式字符串中传递的参数太多
  c:\users\misterchaos\documents\c语言开发环境\visual studio workspace\qg训练营第三次作业：泛型队列\循环泛型队列\aqueue.c(375): note: 占位符和其参数预计 1 可变参数，但提供的却是 2 参数
c:\users\misterchaos\documents\c语言开发环境\visual studio workspace\qg训练营第三次作业：泛型队列\循环泛型队列\aqueue.c(380): warning C4477: “scanf_s”: 格式字符串“%ld”需要类型“long *”的参数，但可变参数 1 拥有了类型“void *”
c:\users\misterchaos\documents\c语言开发环境\visual studio workspace\qg训练营第三次作业：泛型队列\循环泛型队列\aqueue.c(380): warning C4474: scanf_s: 格式字符串中传递的参数太多
  c:\users\misterchaos\documents\c语言开发环境\visual studio workspace\qg训练营第三次作业：泛型队列\循环泛型队列\aqueue.c(380): note: 占位符和其参数预计 1 可变参数，但提供的却是 2 参数
c:\users\misterchaos\documents\c语言开发环境\visual studio workspace\qg训练营第三次作业：泛型队列\循环泛型队列\aqueue.c(385): warning C4477: “scanf_s”: 格式字符串“%f”需要类型“float *”的参数，但可变参数 1 拥有了类型“void *”
c:\users\misterchaos\documents\c语言开发环境\visual studio workspace\qg训练营第三次作业：泛型队列\循环泛型队列\aqueue.c(385): warning C4474: scanf_s: 格式字符串中传递的参数太多
  c:\users\misterchaos\documents\c语言开发环境\visual studio workspace\qg训练营第三次作业：泛型队列\循环泛型队列\aqueue.c(385): note: 占位符和其参数预计 1 可变参数，但提供的却是 2 参数
c:\users\misterchaos\documents\c语言开发环境\visual studio workspace\qg训练营第三次作业：泛型队列\循环泛型队列\aqueue.c(390): warning C4477: “scanf_s”: 格式字符串“%lf”需要类型“double *”的参数，但可变参数 1 拥有了类型“void *”
c:\users\misterchaos\documents\c语言开发环境\visual studio workspace\qg训练营第三次作业：泛型队列\循环泛型队列\aqueue.c(390): warning C4474: scanf_s: 格式字符串中传递的参数太多
  c:\users\misterchaos\documents\c语言开发环境\visual studio workspace\qg训练营第三次作业：泛型队列\循环泛型队列\aqueue.c(390): note: 占位符和其参数预计 1 可变参数，但提供的却是 2 参数
c:\users\misterchaos\documents\c语言开发环境\visual studio workspace\qg训练营第三次作业：泛型队列\循环泛型队列\aqueue.c(395): warning C4477: “scanf_s”: 格式字符串“%c”需要类型“char *”的参数，但可变参数 1 拥有了类型“void *”
  c:\users\misterchaos\documents\c语言开发环境\visual studio workspace\qg训练营第三次作业：泛型队列\循环泛型队列\aqueue.c(395): note: 此参数由转换说明符使用
c:\users\misterchaos\documents\c语言开发环境\visual studio workspace\qg训练营第三次作业：泛型队列\循环泛型队列\aqueue.c(400): warning C4474: printf: 格式字符串中传递的参数太多
  c:\users\misterchaos\documents\c语言开发环境\visual studio workspace\qg训练营第三次作业：泛型队列\循环泛型队列\aqueue.c(400): note: 占位符和其参数预计 0 可变参数，但提供的却是 1 参数
c:\users\misterchaos\documents\c语言开发环境\visual studio workspace\qg训练营第三次作业：泛型队列\循环泛型队列\aqueue.c(159): warning C4716: “DeAQueue”: 必须返回一个值
  循环泛型队列.vcxproj -> C:\Users\Misterchaos\Documents\C语言开发环境\Visual Studio Workspace\QG训练营第三次作业：泛型队列\Debug\循环泛型队列.exe
